<?xml version="1.0" encoding="UTF-8"?>
<coverage generated="1614579823279" clover="3.2.0">
  <project timestamp="1614579823279" name="All files">
    <metrics statements="60" coveredstatements="55" conditionals="45" coveredconditionals="35" methods="9" coveredmethods="9" elements="114" coveredelements="99" complexity="0" loc="60" ncloc="60" packages="1" files="3" classes="3"/>
    <file name="Helpers.js" path="/home/alezx311/Desktop/Programming/listat-test-task/Helpers.js">
      <metrics statements="38" coveredstatements="33" conditionals="37" coveredconditionals="30" methods="7" coveredmethods="7"/>
      <line num="2" count="2" type="stmt"/>
      <line num="4" count="2" type="stmt"/>
      <line num="8" count="12" type="cond" truecount="1" falsecount="0"/>
      <line num="10" count="2" type="stmt"/>
      <line num="11" count="2" type="stmt"/>
      <line num="12" count="2" type="stmt"/>
      <line num="14" count="2" type="cond" truecount="4" falsecount="0"/>
      <line num="15" count="1" type="stmt"/>
      <line num="17" count="1" type="stmt"/>
      <line num="20" count="0" type="cond" truecount="0" falsecount="4"/>
      <line num="21" count="0" type="stmt"/>
      <line num="25" count="2" type="stmt"/>
      <line num="26" count="67" type="stmt"/>
      <line num="28" count="67" type="cond" truecount="1" falsecount="1"/>
      <line num="29" count="0" type="stmt"/>
      <line num="30" count="67" type="cond" truecount="4" falsecount="0"/>
      <line num="32" count="2" type="stmt"/>
      <line num="33" count="65" type="cond" truecount="4" falsecount="0"/>
      <line num="35" count="4" type="stmt"/>
      <line num="36" count="169" type="cond" truecount="3" falsecount="1"/>
      <line num="38" count="0" type="stmt"/>
      <line num="39" count="169" type="cond" truecount="2" falsecount="0"/>
      <line num="41" count="2" type="stmt"/>
      <line num="43" count="59" type="stmt"/>
      <line num="46" count="2" type="stmt"/>
      <line num="47" count="64" type="cond" truecount="1" falsecount="1"/>
      <line num="48" count="0" type="stmt"/>
      <line num="49" count="64" type="cond" truecount="2" falsecount="0"/>
      <line num="50" count="3" type="stmt"/>
      <line num="51" count="61" type="cond" truecount="4" falsecount="0"/>
      <line num="52" count="3" type="stmt"/>
      <line num="54" count="58" type="stmt"/>
      <line num="57" count="2" type="stmt"/>
      <line num="58" count="51" type="cond" truecount="4" falsecount="0"/>
      <line num="59" count="47" type="stmt"/>
      <line num="60" count="47" type="stmt"/>
      <line num="62" count="4" type="stmt"/>
      <line num="67" count="2" type="stmt"/>
    </file>
    <file name="app.js" path="/home/alezx311/Desktop/Programming/listat-test-task/app.js">
      <metrics statements="20" coveredstatements="20" conditionals="8" coveredconditionals="5" methods="2" coveredmethods="2"/>
      <line num="1" count="1" type="stmt"/>
      <line num="3" count="1" type="stmt"/>
      <line num="5" count="1" type="stmt"/>
      <line num="6" count="1" type="stmt"/>
      <line num="8" count="1" type="stmt"/>
      <line num="11" count="1" type="stmt"/>
      <line num="12" count="2" type="stmt"/>
      <line num="13" count="2" type="stmt"/>
      <line num="15" count="1" type="stmt"/>
      <line num="16" count="9" type="stmt"/>
      <line num="17" count="9" type="stmt"/>
      <line num="18" count="9" type="cond" truecount="4" falsecount="0"/>
      <line num="20" count="6" type="stmt"/>
      <line num="22" count="3" type="stmt"/>
      <line num="23" count="3" type="stmt"/>
      <line num="25" count="3" type="stmt"/>
      <line num="28" count="6" type="cond" truecount="1" falsecount="3"/>
      <line num="30" count="6" type="stmt"/>
      <line num="31" count="6" type="stmt"/>
      <line num="35" count="1" type="stmt"/>
    </file>
    <file name="config.js" path="/home/alezx311/Desktop/Programming/listat-test-task/config.js">
      <metrics statements="2" coveredstatements="2" conditionals="0" coveredconditionals="0" methods="0" coveredmethods="0"/>
      <line num="1" count="2" type="stmt"/>
      <line num="11" count="2" type="stmt"/>
    </file>
  </project>
</coverage>
