{"/home/alezx311/Desktop/Programming/listat-test-task/Helpers.js": {"path":"/home/alezx311/Desktop/Programming/listat-test-task/Helpers.js","statementMap":{"0":{"start":{"line":2,"column":11},"end":{"line":2,"column":33}},"1":{"start":{"line":4,"column":82},"end":{"line":4,"column":101}},"2":{"start":{"line":8,"column":23},"end":{"line":8,"column":89}},"3":{"start":{"line":8,"column":44},"end":{"line":8,"column":89}},"4":{"start":{"line":10,"column":23},"end":{"line":23,"column":3}},"5":{"start":{"line":11,"column":4},"end":{"line":22,"column":5}},"6":{"start":{"line":12,"column":19},"end":{"line":12,"column":79}},"7":{"start":{"line":14,"column":6},"end":{"line":18,"column":7}},"8":{"start":{"line":15,"column":8},"end":{"line":15,"column":31}},"9":{"start":{"line":17,"column":8},"end":{"line":17,"column":17}},"10":{"start":{"line":20,"column":6},"end":{"line":20,"column":57}},"11":{"start":{"line":20,"column":23},"end":{"line":20,"column":57}},"12":{"start":{"line":21,"column":6},"end":{"line":21,"column":15}},"13":{"start":{"line":25,"column":24},"end":{"line":45,"column":3}},"14":{"start":{"line":26,"column":20},"end":{"line":26,"column":37}},"15":{"start":{"line":28,"column":4},"end":{"line":44,"column":5}},"16":{"start":{"line":29,"column":6},"end":{"line":29,"column":18}},"17":{"start":{"line":30,"column":11},"end":{"line":44,"column":5}},"18":{"start":{"line":32,"column":6},"end":{"line":32,"column":18}},"19":{"start":{"line":33,"column":11},"end":{"line":44,"column":5}},"20":{"start":{"line":35,"column":6},"end":{"line":35,"column":18}},"21":{"start":{"line":36,"column":11},"end":{"line":44,"column":5}},"22":{"start":{"line":36,"column":51},"end":{"line":36,"column":59}},"23":{"start":{"line":38,"column":6},"end":{"line":38,"column":18}},"24":{"start":{"line":39,"column":11},"end":{"line":44,"column":5}},"25":{"start":{"line":39,"column":35},"end":{"line":39,"column":51}},"26":{"start":{"line":41,"column":6},"end":{"line":41,"column":18}},"27":{"start":{"line":43,"column":6},"end":{"line":43,"column":17}},"28":{"start":{"line":46,"column":20},"end":{"line":56,"column":3}},"29":{"start":{"line":47,"column":4},"end":{"line":55,"column":5}},"30":{"start":{"line":48,"column":6},"end":{"line":48,"column":18}},"31":{"start":{"line":49,"column":11},"end":{"line":55,"column":5}},"32":{"start":{"line":50,"column":6},"end":{"line":50,"column":18}},"33":{"start":{"line":51,"column":11},"end":{"line":55,"column":5}},"34":{"start":{"line":52,"column":6},"end":{"line":52,"column":18}},"35":{"start":{"line":54,"column":6},"end":{"line":54,"column":17}},"36":{"start":{"line":57,"column":19},"end":{"line":64,"column":3}},"37":{"start":{"line":58,"column":4},"end":{"line":63,"column":5}},"38":{"start":{"line":59,"column":19},"end":{"line":59,"column":52}},"39":{"start":{"line":60,"column":6},"end":{"line":60,"column":19}},"40":{"start":{"line":62,"column":6},"end":{"line":62,"column":53}},"41":{"start":{"line":67,"column":0},"end":{"line":67,"column":24}}},"fnMap":{"0":{"name":"(anonymous_0)","decl":{"start":{"line":8,"column":23},"end":{"line":8,"column":24}},"loc":{"start":{"line":8,"column":44},"end":{"line":8,"column":89}},"line":8},"1":{"name":"(anonymous_1)","decl":{"start":{"line":10,"column":23},"end":{"line":10,"column":24}},"loc":{"start":{"line":10,"column":35},"end":{"line":23,"column":3}},"line":10},"2":{"name":"(anonymous_2)","decl":{"start":{"line":25,"column":24},"end":{"line":25,"column":25}},"loc":{"start":{"line":25,"column":31},"end":{"line":45,"column":3}},"line":25},"3":{"name":"(anonymous_3)","decl":{"start":{"line":36,"column":44},"end":{"line":36,"column":45}},"loc":{"start":{"line":36,"column":51},"end":{"line":36,"column":59}},"line":36},"4":{"name":"(anonymous_4)","decl":{"start":{"line":39,"column":28},"end":{"line":39,"column":29}},"loc":{"start":{"line":39,"column":35},"end":{"line":39,"column":51}},"line":39},"5":{"name":"(anonymous_5)","decl":{"start":{"line":46,"column":20},"end":{"line":46,"column":21}},"loc":{"start":{"line":46,"column":27},"end":{"line":56,"column":3}},"line":46},"6":{"name":"(anonymous_6)","decl":{"start":{"line":57,"column":19},"end":{"line":57,"column":20}},"loc":{"start":{"line":57,"column":26},"end":{"line":64,"column":3}},"line":57}},"branchMap":{"0":{"loc":{"start":{"line":8,"column":30},"end":{"line":8,"column":39}},"type":"default-arg","locations":[{"start":{"line":8,"column":37},"end":{"line":8,"column":39}}],"line":8},"1":{"loc":{"start":{"line":14,"column":6},"end":{"line":18,"column":7}},"type":"if","locations":[{"start":{"line":14,"column":6},"end":{"line":18,"column":7}},{"start":{"line":14,"column":6},"end":{"line":18,"column":7}}],"line":14},"2":{"loc":{"start":{"line":14,"column":10},"end":{"line":14,"column":48}},"type":"binary-expr","locations":[{"start":{"line":14,"column":10},"end":{"line":14,"column":21}},{"start":{"line":14,"column":25},"end":{"line":14,"column":48}}],"line":14},"3":{"loc":{"start":{"line":20,"column":6},"end":{"line":20,"column":57}},"type":"if","locations":[{"start":{"line":20,"column":6},"end":{"line":20,"column":57}},{"start":{"line":20,"column":6},"end":{"line":20,"column":57}}],"line":20},"4":{"loc":{"start":{"line":20,"column":37},"end":{"line":20,"column":56}},"type":"binary-expr","locations":[{"start":{"line":20,"column":37},"end":{"line":20,"column":49}},{"start":{"line":20,"column":53},"end":{"line":20,"column":56}}],"line":20},"5":{"loc":{"start":{"line":28,"column":4},"end":{"line":44,"column":5}},"type":"if","locations":[{"start":{"line":28,"column":4},"end":{"line":44,"column":5}},{"start":{"line":28,"column":4},"end":{"line":44,"column":5}}],"line":28},"6":{"loc":{"start":{"line":30,"column":11},"end":{"line":44,"column":5}},"type":"if","locations":[{"start":{"line":30,"column":11},"end":{"line":44,"column":5}},{"start":{"line":30,"column":11},"end":{"line":44,"column":5}}],"line":30},"7":{"loc":{"start":{"line":30,"column":15},"end":{"line":30,"column":51}},"type":"binary-expr","locations":[{"start":{"line":30,"column":15},"end":{"line":30,"column":29}},{"start":{"line":30,"column":33},"end":{"line":30,"column":51}}],"line":30},"8":{"loc":{"start":{"line":33,"column":11},"end":{"line":44,"column":5}},"type":"if","locations":[{"start":{"line":33,"column":11},"end":{"line":44,"column":5}},{"start":{"line":33,"column":11},"end":{"line":44,"column":5}}],"line":33},"9":{"loc":{"start":{"line":33,"column":15},"end":{"line":33,"column":61}},"type":"binary-expr","locations":[{"start":{"line":33,"column":15},"end":{"line":33,"column":31}},{"start":{"line":33,"column":35},"end":{"line":33,"column":61}}],"line":33},"10":{"loc":{"start":{"line":36,"column":11},"end":{"line":44,"column":5}},"type":"if","locations":[{"start":{"line":36,"column":11},"end":{"line":44,"column":5}},{"start":{"line":36,"column":11},"end":{"line":44,"column":5}}],"line":36},"11":{"loc":{"start":{"line":36,"column":15},"end":{"line":36,"column":60}},"type":"binary-expr","locations":[{"start":{"line":36,"column":15},"end":{"line":36,"column":27}},{"start":{"line":36,"column":31},"end":{"line":36,"column":60}}],"line":36},"12":{"loc":{"start":{"line":39,"column":11},"end":{"line":44,"column":5}},"type":"if","locations":[{"start":{"line":39,"column":11},"end":{"line":44,"column":5}},{"start":{"line":39,"column":11},"end":{"line":44,"column":5}}],"line":39},"13":{"loc":{"start":{"line":47,"column":4},"end":{"line":55,"column":5}},"type":"if","locations":[{"start":{"line":47,"column":4},"end":{"line":55,"column":5}},{"start":{"line":47,"column":4},"end":{"line":55,"column":5}}],"line":47},"14":{"loc":{"start":{"line":49,"column":11},"end":{"line":55,"column":5}},"type":"if","locations":[{"start":{"line":49,"column":11},"end":{"line":55,"column":5}},{"start":{"line":49,"column":11},"end":{"line":55,"column":5}}],"line":49},"15":{"loc":{"start":{"line":51,"column":11},"end":{"line":55,"column":5}},"type":"if","locations":[{"start":{"line":51,"column":11},"end":{"line":55,"column":5}},{"start":{"line":51,"column":11},"end":{"line":55,"column":5}}],"line":51},"16":{"loc":{"start":{"line":51,"column":15},"end":{"line":51,"column":58}},"type":"binary-expr","locations":[{"start":{"line":51,"column":15},"end":{"line":51,"column":29}},{"start":{"line":51,"column":33},"end":{"line":51,"column":58}}],"line":51},"17":{"loc":{"start":{"line":58,"column":4},"end":{"line":63,"column":5}},"type":"if","locations":[{"start":{"line":58,"column":4},"end":{"line":63,"column":5}},{"start":{"line":58,"column":4},"end":{"line":63,"column":5}}],"line":58},"18":{"loc":{"start":{"line":58,"column":8},"end":{"line":58,"column":52}},"type":"binary-expr","locations":[{"start":{"line":58,"column":8},"end":{"line":58,"column":26}},{"start":{"line":58,"column":30},"end":{"line":58,"column":52}}],"line":58}},"s":{"0":2,"1":2,"2":2,"3":12,"4":2,"5":2,"6":2,"7":2,"8":1,"9":1,"10":0,"11":0,"12":0,"13":2,"14":67,"15":67,"16":0,"17":67,"18":2,"19":65,"20":4,"21":61,"22":169,"23":0,"24":61,"25":169,"26":2,"27":59,"28":2,"29":64,"30":0,"31":64,"32":3,"33":61,"34":3,"35":58,"36":2,"37":51,"38":47,"39":47,"40":4,"41":2},"f":{"0":12,"1":2,"2":67,"3":169,"4":169,"5":64,"6":51},"b":{"0":[1],"1":[1,1],"2":[2,1],"3":[0,0],"4":[0,0],"5":[0,67],"6":[2,65],"7":[67,67],"8":[4,61],"9":[65,65],"10":[0,61],"11":[61,61],"12":[2,59],"13":[0,64],"14":[3,61],"15":[3,58],"16":[61,61],"17":[47,4],"18":[51,49]},"_coverageSchema":"1a1c01bbd47fc00a2c39e90264f33305004495a9","hash":"1ee0a7b64c90a41aaa87a0ecb0b05e73d328eb0f"}
,"/home/alezx311/Desktop/Programming/listat-test-task/app.js": {"path":"/home/alezx311/Desktop/Programming/listat-test-task/app.js","statementMap":{"0":{"start":{"line":1,"column":16},"end":{"line":1,"column":34}},"1":{"start":{"line":3,"column":46},"end":{"line":3,"column":66}},"2":{"start":{"line":5,"column":24},"end":{"line":5,"column":43}},"3":{"start":{"line":6,"column":12},"end":{"line":6,"column":21}},"4":{"start":{"line":8,"column":0},"end":{"line":8,"column":23}},"5":{"start":{"line":11,"column":0},"end":{"line":14,"column":2}},"6":{"start":{"line":12,"column":18},"end":{"line":12,"column":37}},"7":{"start":{"line":13,"column":2},"end":{"line":13,"column":48}},"8":{"start":{"line":15,"column":0},"end":{"line":33,"column":2}},"9":{"start":{"line":16,"column":2},"end":{"line":32,"column":3}},"10":{"start":{"line":17,"column":28},"end":{"line":17,"column":36}},"11":{"start":{"line":18,"column":4},"end":{"line":26,"column":5}},"12":{"start":{"line":20,"column":22},"end":{"line":20,"column":46}},"13":{"start":{"line":22,"column":6},"end":{"line":22,"column":43}},"14":{"start":{"line":23,"column":6},"end":{"line":23,"column":34}},"15":{"start":{"line":25,"column":6},"end":{"line":25,"column":42}},"16":{"start":{"line":28,"column":4},"end":{"line":28,"column":55}},"17":{"start":{"line":28,"column":21},"end":{"line":28,"column":55}},"18":{"start":{"line":30,"column":4},"end":{"line":30,"column":25}},"19":{"start":{"line":31,"column":4},"end":{"line":31,"column":32}},"20":{"start":{"line":35,"column":0},"end":{"line":35,"column":20}}},"fnMap":{"0":{"name":"(anonymous_0)","decl":{"start":{"line":11,"column":19},"end":{"line":11,"column":20}},"loc":{"start":{"line":11,"column":39},"end":{"line":14,"column":1}},"line":11},"1":{"name":"(anonymous_1)","decl":{"start":{"line":15,"column":18},"end":{"line":15,"column":19}},"loc":{"start":{"line":15,"column":38},"end":{"line":33,"column":1}},"line":15}},"branchMap":{"0":{"loc":{"start":{"line":18,"column":4},"end":{"line":26,"column":5}},"type":"if","locations":[{"start":{"line":18,"column":4},"end":{"line":26,"column":5}},{"start":{"line":18,"column":4},"end":{"line":26,"column":5}}],"line":18},"1":{"loc":{"start":{"line":18,"column":8},"end":{"line":18,"column":41}},"type":"binary-expr","locations":[{"start":{"line":18,"column":8},"end":{"line":18,"column":19}},{"start":{"line":18,"column":23},"end":{"line":18,"column":41}}],"line":18},"2":{"loc":{"start":{"line":28,"column":4},"end":{"line":28,"column":55}},"type":"if","locations":[{"start":{"line":28,"column":4},"end":{"line":28,"column":55}},{"start":{"line":28,"column":4},"end":{"line":28,"column":55}}],"line":28},"3":{"loc":{"start":{"line":28,"column":35},"end":{"line":28,"column":54}},"type":"binary-expr","locations":[{"start":{"line":28,"column":35},"end":{"line":28,"column":47}},{"start":{"line":28,"column":51},"end":{"line":28,"column":54}}],"line":28}},"s":{"0":1,"1":1,"2":1,"3":1,"4":1,"5":1,"6":2,"7":2,"8":1,"9":9,"10":9,"11":9,"12":6,"13":3,"14":3,"15":3,"16":6,"17":0,"18":6,"19":6,"20":1},"f":{"0":2,"1":9},"b":{"0":[6,3],"1":[9,8],"2":[0,6],"3":[0,0]},"_coverageSchema":"1a1c01bbd47fc00a2c39e90264f33305004495a9","hash":"be7f0d3bb625c364ed67b29d9f29ab8d02e99501"}
,"/home/alezx311/Desktop/Programming/listat-test-task/config.js": {"path":"/home/alezx311/Desktop/Programming/listat-test-task/config.js","statementMap":{"0":{"start":{"line":1,"column":15},"end":{"line":9,"column":1}},"1":{"start":{"line":11,"column":0},"end":{"line":11,"column":23}}},"fnMap":{},"branchMap":{},"s":{"0":2,"1":2},"f":{},"b":{},"_coverageSchema":"1a1c01bbd47fc00a2c39e90264f33305004495a9","hash":"2cf9a7a267bac7965472a4606c349a1a1387212d"}
}
