TN:
SF:Helpers.js
FN:8,(anonymous_0)
FN:10,(anonymous_1)
FN:25,(anonymous_2)
FN:36,(anonymous_3)
FN:39,(anonymous_4)
FN:46,(anonymous_5)
FN:57,(anonymous_6)
FNF:7
FNH:7
FNDA:12,(anonymous_0)
FNDA:2,(anonymous_1)
FNDA:67,(anonymous_2)
FNDA:169,(anonymous_3)
FNDA:169,(anonymous_4)
FNDA:64,(anonymous_5)
FNDA:51,(anonymous_6)
DA:2,2
DA:4,2
DA:8,12
DA:10,2
DA:11,2
DA:12,2
DA:14,2
DA:15,1
DA:17,1
DA:20,0
DA:21,0
DA:25,2
DA:26,67
DA:28,67
DA:29,0
DA:30,67
DA:32,2
DA:33,65
DA:35,4
DA:36,169
DA:38,0
DA:39,169
DA:41,2
DA:43,59
DA:46,2
DA:47,64
DA:48,0
DA:49,64
DA:50,3
DA:51,61
DA:52,3
DA:54,58
DA:57,2
DA:58,51
DA:59,47
DA:60,47
DA:62,4
DA:67,2
LF:38
LH:33
BRDA:8,0,0,1
BRDA:14,1,0,1
BRDA:14,1,1,1
BRDA:14,2,0,2
BRDA:14,2,1,1
BRDA:20,3,0,0
BRDA:20,3,1,0
BRDA:20,4,0,0
BRDA:20,4,1,0
BRDA:28,5,0,0
BRDA:28,5,1,67
BRDA:30,6,0,2
BRDA:30,6,1,65
BRDA:30,7,0,67
BRDA:30,7,1,67
BRDA:33,8,0,4
BRDA:33,8,1,61
BRDA:33,9,0,65
BRDA:33,9,1,65
BRDA:36,10,0,0
BRDA:36,10,1,61
BRDA:36,11,0,61
BRDA:36,11,1,61
BRDA:39,12,0,2
BRDA:39,12,1,59
BRDA:47,13,0,0
BRDA:47,13,1,64
BRDA:49,14,0,3
BRDA:49,14,1,61
BRDA:51,15,0,3
BRDA:51,15,1,58
BRDA:51,16,0,61
BRDA:51,16,1,61
BRDA:58,17,0,47
BRDA:58,17,1,4
BRDA:58,18,0,51
BRDA:58,18,1,49
BRF:37
BRH:30
end_of_record
TN:
SF:app.js
FN:11,(anonymous_0)
FN:15,(anonymous_1)
FNF:2
FNH:2
FNDA:2,(anonymous_0)
FNDA:9,(anonymous_1)
DA:1,1
DA:3,1
DA:5,1
DA:6,1
DA:8,1
DA:11,1
DA:12,2
DA:13,2
DA:15,1
DA:16,9
DA:17,9
DA:18,9
DA:20,6
DA:22,3
DA:23,3
DA:25,3
DA:28,6
DA:30,6
DA:31,6
DA:35,1
LF:20
LH:20
BRDA:18,0,0,6
BRDA:18,0,1,3
BRDA:18,1,0,9
BRDA:18,1,1,8
BRDA:28,2,0,0
BRDA:28,2,1,6
BRDA:28,3,0,0
BRDA:28,3,1,0
BRF:8
BRH:5
end_of_record
TN:
SF:config.js
FNF:0
FNH:0
DA:1,2
DA:11,2
LF:2
LH:2
BRF:0
BRH:0
end_of_record
